  Assembling test.asm...
test.asm(4): error A2008: syntax error : .
test.asm(6): error A2008: syntax error : .
test.asm(13): error A2008: syntax error : .
test.asm(40): error A2008: syntax error : ,
test.asm(71): error A2008: syntax error : INVOKE
test.asm(74): error A2008: syntax error : main
test.asm(74): error A2088: END directive required at end of file
C:\Program Files (x86)\Microsoft Visual Studio\2019\Community\MSBuild\Microsoft\VC\v160\BuildCustomizations\masm.targets(70,5): error MSB3721: The command "ml64.exe /c /nologo /Zi /Fo"x64\Debug\test.obj" /W3 /errorReport:prompt  /Tatest.asm" exited with code 1.
